make all --print-data-base --no-builtin-variables --no-builtin-rules --question
# GNU Make 4.3
# Built for x86_64-pc-linux-gnu
# Copyright (C) 1988-2020 Free Software Foundation, Inc.
# License GPLv3+: GNU GPL version 3 or later <http://gnu.org/licenses/gpl.html>
# This is free software: you are free to change and redistribute it.
# There is NO WARRANTY, to the extent permitted by law.

# Make data base, printed on Tue Jun 21 18:18:20 2022

# Variables

# environment
GDK_BACKEND = x11
# environment
LC_ALL = C
# environment
GTK_RC_FILES = /etc/gtk/gtkrc:/home/janick/.gtkrc:/home/janick/.config/gtkrc
# environment
VSCODE_IPC_HOOK_EXTHOST = /run/user/1000/vscode-ipc-b291cc25-6e6a-4b97-a2c5-eea737c2882d.sock
# environment
MANDATORY_PATH = /usr/share/gconf/plasma.mandatory.path
# environment
VSCODE_CWD = /home/janick
# default
MAKE_COMMAND := make
# environment
QT_ACCESSIBILITY = 1
# automatic
@D = $(patsubst %/,%,$(dir $@))
# environment
VSCODE_HANDLES_UNCAUGHT_ERRORS = true
# default
.VARIABLES := 
# environment
PWD = /home/janick/Development/FoxOS
# automatic
%D = $(patsubst %/,%,$(dir $%))
# environment
XDG_DATA_DIRS = /usr/share/plasma:/usr/local/share:/usr/share:/var/lib/snapd/desktop
# automatic
^D = $(patsubst %/,%,$(dir $^))
# environment
VSCODE_LOG_STACK = false
# automatic
%F = $(notdir $%)
# environment
VSCODE_CODE_CACHE_PATH = /home/janick/.config/Code/CachedData/c3511e6c69bb39013c4a4b7b9566ec1ca73fc4d5
# environment
XDG_SESSION_PATH = /org/freedesktop/DisplayManager/Session1
# environment
LANG = C
# environment
XAUTHORITY = /home/janick/.Xauthority
# default
.LOADED := 
# default
.INCLUDE_DIRS = /usr/local/include /usr/include /usr/include
# makefile
MAKEFLAGS = pqrR
# makefile
CURDIR := /home/janick/Development/FoxOS
# environment
VSCODE_PIPE_LOGGING = true
# environment
APPLICATION_INSIGHTS_NO_DIAGNOSTIC_CHANNEL = 1
# automatic
*D = $(patsubst %/,%,$(dir $*))
# environment
PAM_KWALLET5_LOGIN = /run/user/1000/kwallet5.socket
# environment
MFLAGS = -pqrR
# environment
SSH_AUTH_SOCK = /tmp/ssh-XXXXXXXWggZp/agent.1123
# default
.SHELLFLAGS := -c
# makefile (from 'Makefile', line 102)
FOXOS_VM_NAME = foxos-runner
# environment
XDG_CONFIG_DIRS = /home/janick/.config/kdedefaults:/etc/xdg/xdg-plasma:/etc/xdg:/usr/share/kubuntu-default-settings/kf5-settings
# automatic
+D = $(patsubst %/,%,$(dir $+))
# environment
XCURSOR_THEME = KDE_Classic
# environment
XDG_SESSION_DESKTOP = KDE
# makefile (from 'Makefile', line 1)
MAKEFILE_LIST := Makefile
# automatic
@F = $(notdir $@)
# environment
VSCODE_VERBOSE_LOGGING = true
# environment
VSCODE_PID = 1639
# environment
XDG_SESSION_TYPE = x11
# automatic
?D = $(patsubst %/,%,$(dir $?))
# environment
SESSION_MANAGER = local/nya:@/tmp/.ICE-unix/1423,unix/nya:/tmp/.ICE-unix/1423
# automatic
*F = $(notdir $*)
# environment
CHROME_DESKTOP = code-url-handler.desktop
# environment
DBUS_SESSION_BUS_ADDRESS = unix:path=/run/user/1000/bus
# automatic
<D = $(patsubst %/,%,$(dir $<))
# environment
VSCODE_NLS_CONFIG = {"locale":"furry","availableLanguages":{"*":"furry"},"_languagePackId":"6aace7082e0472b432759462767d1ba2.furry","_translationsConfigFile":"/home/janick/.config/Code/clp/6aace7082e0472b432759462767d1ba2.furry/tcf.json","_cacheRoot":"/home/janick/.config/Code/clp/6aace7082e0472b432759462767d1ba2.furry","_resolvedLanguagePackCoreLocation":"/home/janick/.config/Code/clp/6aace7082e0472b432759462767d1ba2.furry/c3511e6c69bb39013c4a4b7b9566ec1ca73fc4d5","_corruptedFile":"/home/janick/.config/Code/clp/6aace7082e0472b432759462767d1ba2.furry/corrupted.info","_languagePackSupport":true}
# default
MAKE_HOST := x86_64-pc-linux-gnu
# makefile
SHELL = /bin/sh
# makefile (from 'Makefile', line 2)
QEMUFLAGS = $(QEMUFLAGS_RAW) -drive file=foxos.img -drive file=foxos2.img
# default
MAKECMDGOALS := all
# environment
PLATFORMIO_CALLER = vscode
# environment
DENO_INSTALL = /home/janick/.deno
# makefile (from 'Makefile', line 4)
QEMUFLAGS_BIOS_RAW = --enable-kvm -machine q35 -smp 4 -m 1G -cpu qemu64 -serial stdio -soundhw pcspk -netdev user,id=u1,hostfwd=tcp::9999-:9999 -device rtl8139,netdev=u1 -object filter-dump,id=f1,netdev=u1,file=dump.dat
# environment
SHLVL = 1
# environment
MAKELEVEL := 0
# default
MAKE = $(MAKE_COMMAND)
# environment
PATH = /home/janick/.deno/bin:/home/janick/.deno/bin:/usr/local/sbin:/usr/local/bin:/usr/sbin:/usr/bin:/sbin:/bin:/usr/games:/usr/local/games:/snap/bin
# default
MAKEFILES := 
# environment
LANGUAGE = 
# automatic
^F = $(notdir $^)
# environment
VSCODE_LOG_NATIVE = false
# automatic
?F = $(notdir $?)
# environment
KDE_APPLICATIONS_AS_SCOPE = 1
# environment
XDG_SEAT = seat0
# environment
NO_PROXY = 127.0.0.1
# environment
XDG_CURRENT_DESKTOP = KDE
# automatic
+F = $(notdir $+)
# environment
XDG_SEAT_PATH = /org/freedesktop/DisplayManager/Seat0
# environment
DESKTOP_SESSION = plasma
# environment
ORIGINAL_XDG_CURRENT_DESKTOP = KDE
# 'override' directive
GNUMAKEFLAGS := 
# makefile (from 'Makefile', line 5)
QEMUFLAGS_BIOS = $(QEMUFLAGS_BIOS_RAW) -drive file=foxos.img -drive file=foxos2.img
# environment
LOGNAME = janick
# environment
PLATFORMIO_PATH = /home/janick/.platformio/penv/bin:/home/janick/.platformio/penv:/home/janick/.platformio/python3/bin:/home/janick/.deno/bin:/home/janick/.deno/bin:/usr/local/sbin:/usr/local/bin:/usr/sbin:/usr/bin:/sbin:/bin:/usr/games:/usr/local/games:/snap/bin
# environment
XDG_VTNR = 1
# makefile
.DEFAULT_GOAL := all
# environment
SYSTEMD_EXEC_PID = 873
# environment
DISPLAY = :0
# environment
USER = janick
# environment
DEFAULTS_PATH = /usr/share/gconf/plasma.default.path
# environment
KDE_SESSION_UID = 1000
# default
MAKE_VERSION := 4.3
# makefile (from 'Makefile', line 7)
FOX_GCC_PATH = /usr/local/foxos-x86_64_elf_gcc
# environment
SSH_AGENT_PID = 1266
# environment
XDG_RUNTIME_DIR = /run/user/1000
# environment
GPG_AGENT_INFO = /run/user/1000/gnupg/S.gpg-agent:0:1
# environment
XDG_SESSION_CLASS = user
# environment
VSCODE_AMD_ENTRYPOINT = vs/workbench/api/node/extensionHostProcess
# environment
PLATFORMIO_IDE = 2.4.3
# environment
GTK2_RC_FILES = /etc/gtk-2.0/gtkrc:/home/janick/.gtkrc-2.0:/home/janick/.config/gtkrc-2.0
# environment
HOME = /home/janick
# environment
ELECTRON_RUN_AS_NODE = 1
# environment
VSCODE_IPC_HOOK = /run/user/1000/vscode-c8697ad9-1.67.2-main.sock
# makefile (from 'Makefile', line 1)
QEMUFLAGS_RAW = -machine q35 -smp 4 -m 1G -cpu qemu64 -drive if=pflash,format=raw,unit=0,file="tmp/ovmf/OVMF_CODE-pure-efi.fd",readonly=on -drive if=pflash,format=raw,unit=1,file="tmp/ovmf/OVMF_VARS-pure-efi.fd" -serial stdio -soundhw pcspk -netdev user,id=u1,hostfwd=tcp::9999-:9999 -device rtl8139,netdev=u1 -object filter-dump,id=f1,netdev=u1,file=dump.dat
# environment
XDG_SESSION_ID = 4
# environment
XCURSOR_SIZE = 24
# environment
IM_CONFIG_PHASE = 1
# default
.RECIPEPREFIX := 
# automatic
<F = $(notdir $<)
# default
SUFFIXES := 
# environment
QT_AUTO_SCREEN_SCALE_FACTOR = 0
# environment
DEBUG = WARN
# environment
KDE_SESSION_VERSION = 5
# default
.FEATURES := target-specific order-only second-expansion else-if shortest-stem undefine oneshell nocomment grouped-target extra-prereqs archives jobserver output-sync check-symlink load
# environment
KDE_FULL_SESSION = true
# variable set hash-table stats:
# Load=108/1024=11%, Rehash=0, Collisions=7/145=5%

# Pattern-specific Variable Values

# No pattern-specific variable values.

# Directories

# . (device 2050, inode 5514820): 25 files, no impossibilities.

# 25 files, no impossibilities in 1 directories.

# Implicit Rules

# No implicit rules.

# Files

run-dbg: img tmp/ovmf
#  Implicit rule search has not been done.
#  Modification time never checked.
#  File has not been updated.
#  recipe to execute (from 'Makefile', line 57):
	screen -dmS qemu qemu-system-x86_64 $(QEMUFLAGS) -s -S

docker-img: all tmp/limine tmp/saf
#  Implicit rule search has not been done.
#  Modification time never checked.
#  File has not been updated.
#  recipe to execute (from 'Makefile', line 39):
	sh tools/disk_docker.sh $(FOX_GCC_PATH)

run-dbg-bios: img
#  Implicit rule search has not been done.
#  Modification time never checked.
#  File has not been updated.
#  recipe to execute (from 'Makefile', line 66):
	screen -dmS qemu qemu-system-x86_64 $(QEMUFLAGS_BIOS) -s -S

img: all tmp/limine tmp/saf
#  Implicit rule search has not been done.
#  Modification time never checked.
#  File has not been updated.
#  recipe to execute (from 'Makefile', line 33):
	sh tools/disk_linux.sh $(FOX_GCC_PATH)

example_images:
#  Implicit rule search has not been done.
#  Modification time never checked.
 
#  File has not been updated.
#  recipe to execute (from 'Makefile', line 119):
	curl https://cdn.discordapp.com/attachments/805055812376330241/959117829704142858/unknown.png -L -o ./tmp/rickroll.png
	curl https://cdn.discordapp.com/attachments/805055812376330241/959117830010322964/unknown.png -L -o ./tmp/trollface.png
	curl https://cdn.discordapp.com/attachments/805055812376330241/959117830345855036/unknown.png -L -o ./tmp/buttercat.png
	curl https://cdn.discordapp.com/attachments/805055812376330241/959117830723346472/foxuwu.jpg -L -o ./tmp/fox.jpg
	curl https://cdn.discordapp.com/attachments/805055812376330241/959125477635809400/nagatoro.png -L -o ./tmp/nagatoro.png
	python3 tools/img2fpic.py ./tmp/rickroll.png ./disk_resources/examples/rickroll.fpic
	python3 tools/img2fpic.py ./tmp/trollface.png ./disk_resources/examples/trollface.fpic
	python3 tools/img2fpic.py ./tmp/buttercat.png ./disk_resources/examples/buttercat.fpic
	python3 tools/img2fpic.py ./tmp/fox.jpg ./disk_resources/examples/fox.fpic
	python3 tools/img2fpic.py ./tmp/nagatoro.png ./disk_resources/examples/nagatoro.fpic
	curl https://cdn.discordapp.com/attachments/805055812376330241/959476065829519380/test3.bmp -L -o ./disk_resources/examples/furry.bmp

debug:
#  Implicit rule search has not been done.
#  Modification time never checked.
#  File has not been updated.
#  recipe to execute (from 'Makefile', line 89):
	deno run --allow-run tools/debug.js

# Not a target:
Makefile:
#  Implicit rule search has been done.
#  Last modified 2022-06-21 18:17:32.380152352
#  File has been updated.
#  Successfully updated.

tmp/ovmf:
#  Implicit rule search has not been done.
#  Modification time never checked.
#  File has not been updated.
#  recipe to execute (from 'Makefile', line 22):
	@echo "Downloading OVMF!"
	@mkdir -p ./tmp/ovmf
	@curl -L https://github.com/TheUltimateFoxOS/FoxOS/releases/download/ovmf/OVMF_CODE-pure-efi.fd -o ./tmp/ovmf/OVMF_CODE-pure-efi.fd
	@curl -L https://github.com/TheUltimateFoxOS/FoxOS/releases/download/ovmf/OVMF_VARS-pure-efi.fd -o ./tmp/ovmf/OVMF_VARS-pure-efi.fd

no-gpt-img: all tmp/limine tmp/saf
#  Implicit rule search has not been done.
#  Modification time never checked.
#  File has not been updated.
#  recipe to execute (from 'Makefile', line 42):
	sh tools/disk_no_gpt.sh $(FOX_GCC_PATH)

run-vbox: qcow2
#  Implicit rule search has not been done.
#  Modification time never checked.
#  File has not been updated.
#  recipe to execute (from 'Makefile', line 115):
	vboxmanage startvm --putenv VBOX_GUI_DBG_ENABLED=true $(FOXOS_VM_NAME)
	watch -n 0.1 tail /tmp/vbox.log -n $(shell echo $(shell tput lines) - 1 | bc)

clean:
#  Implicit rule search has not been done.
#  Modification time never checked.
#  File has not been updated.
#  recipe to execute (from 'Makefile', line 81):
	make -C FoxOS-kernel clean
	make -C FoxOS-programs clean
	rm -rf tmp/ disk_root/
	rm foxos.img foxos.vmdk foxos.vdi foxos.qcow2
	rm FoxOS-programs/limine_install/include/limine-hdd.h

install_sdk: sdk
#  Implicit rule search has not been done.
#  Modification time never checked.
#  File has not been updated.
#  recipe to execute (from 'Makefile', line 177):
	sudo mkdir -p /opt/foxos_sdk
	sudo cp -r ./tmp/sdk/* /opt/foxos_sdk/

sdk: all build_headers tmp/saf tmp/limine
#  Implicit rule search has not been done.
#  Modification time never checked.
#  File has not been updated.
#  recipe to execute (from 'Makefile', line 161):
	mkdir -p ./tmp/sdk
	cp -r ./tmp/headers ./tmp/sdk/
	bash tools/disk_generic.sh ./tmp/sdk/disk
	mkdir -p ./tmp/sdk/bin
	cp -r ./tmp/saf/saf-make ./tmp/sdk/bin/saf-make
	mkdir -p ./tmp/sdk/lib
	cp -r ./FoxOS-programs/bin/libc.a ./tmp/sdk/lib/
	cp -r ./FoxOS-programs/bin/libc.a.o ./tmp/sdk/lib/
	cp -r ./FoxOS-programs/bin/libfoxos.a ./tmp/sdk/lib/
	cp -r ./FoxOS-programs/bin/libfoxos.a.o ./tmp/sdk/lib/
	cp -r sdk/* ./tmp/sdk/

screenshot:
#  Implicit rule search has not been done.
#  Modification time never checked.
#  File has not been updated.
#  recipe to execute (from 'Makefile', line 75):
	echo "(make run-vnc  &>/dev/null & disown; sleep 45; vncsnapshot localhost:1 foxos.jpg; killall qemu-system-x86_64)" | bash

tmp/limine:
#  Implicit rule search has not been done.
#  Modification time never checked.
#  File has not been updated.
#  recipe to execute (from 'Makefile', line 16):
	@echo "Downloading latest limine release!"
	@mkdir -p ./tmp/limine
	@git clone https://github.com/limine-bootloader/limine.git --branch=v3.0-branch-binary ./tmp/limine
	@git -C ./tmp/limine checkout 9761d387a73a1d8ba517421ad3c7c6e6cda49626

vdi: img
#  Implicit rule search has not been done.
#  Modification time never checked.
#  File has not been updated.
#  recipe to execute (from 'Makefile', line 48):
	qemu-img convert foxos.img -O vdi foxos.vdi

tmp/saf:
#  Implicit rule search has not been done.
#  Modification time never checked.
#  File has not been updated.
#  recipe to execute (from 'Makefile', line 28):
	@echo "Downloading saf"
	@mkdir -p ./tmp/saf
	@git clone https://github.com/chocabloc/saf.git --depth=1 ./tmp/saf

run-vnc: img tmp/ovmf
#  Implicit rule search has not been done.
#  Modification time never checked.
#  File has not been updated.
#  recipe to execute (from 'Makefile', line 60):
	qemu-system-x86_64 $(QEMUFLAGS) -vnc :1

vbox-setup:
#  Implicit rule search has not been done.
#  Modification time never checked.
#  File has not been updated.
#  recipe to execute (from 'Makefile', line 105):
	vboxmanage createvm --name $(FOXOS_VM_NAME)
	vboxmanage registervm /home/$(USER)/VirtualBox\ VMs/$(FOXOS_VM_NAME)/$(FOXOS_VM_NAME).vbox
	vboxmanage modifyvm $(FOXOS_VM_NAME) --longmode on --ioapic on --nic1 nat --nictype1 Am79C973 --memory 1024 --uart1 0x3f8 4 --uartmode1 file /tmp/vbox.log --nictrace1 on --nictracefile1 /tmp/vbox.pcap
	vboxmanage storagectl $(FOXOS_VM_NAME) --name "IDE Controller" --add ide --controller PIIX4
	vboxmanage storageattach $(FOXOS_VM_NAME) --storagectl "IDE Controller" --port 1 --device 0 --type hdd --medium `pwd`/foxos.qcow2

vmdk: img
#  Implicit rule search has not been done.
#  Modification time never checked.
#  File has not been updated.
#  recipe to execute (from 'Makefile', line 45):
	qemu-img convert foxos.img -O vmdk foxos.vmdk

usb: all tmp/limine
#  Implicit rule search has not been done.
#  Modification time never checked.
#  File has not been updated.
#  recipe to execute (from 'Makefile', line 92):
	@read -p "Enter path to usb >> " usb_path; \
	bash tools/disk_generic.sh $$usb_path

losetup:
#  Implicit rule search has not been done.
#  Modification time never checked.
#  File has not been updated.
#  recipe to execute (from 'Makefile', line 96):
	gcc -xc -o losetup.elf losetup.c
	chmod u+s losetup.elf
	chmod g+s losetup.elf
	mv losetup.elf $(FOX_GCC_PATH)/bin/foxos-losetup -v

# Not a target:
.DEFAULT:
#  Implicit rule search has not been done.
#  Modification time never checked.
#  File has not been updated.

qcow2: img
#  Implicit rule search has not been done.
#  Modification time never checked.
#  File has not been updated.
#  recipe to execute (from 'Makefile', line 51):
	qemu-img convert foxos.img -O qcow2 foxos.qcow2

all:
#  Command line target.
#  Implicit rule search has not been done.
#  Implicit/static pattern stem: ''
#  File does not exist.
#  File has been updated.
#  Needs to be updated (-q is set).
# automatic
# @ := all
# automatic
# * := 
# automatic
# < := 
# automatic
# + := 
# automatic
# % := 
# automatic
# ^ := 
# automatic
# ? := 
# automatic
# | := 
# variable set hash-table stats:
# Load=8/32=25%, Rehash=0, Collisions=5/15=33%
#  recipe to execute (from 'Makefile', line 10):
	@make -C FoxOS-kernel setup -i TOOLCHAIN_BASE=$(FOX_GCC_PATH)
	make -C FoxOS-kernel TOOLCHAIN_BASE=$(FOX_GCC_PATH)
	@make -C FoxOS-programs setup -i TOOLCHAIN_BASE=$(FOX_GCC_PATH)
	make -C FoxOS-programs TOOLCHAIN_BASE=$(FOX_GCC_PATH)

screenshot-bios:
#  Implicit rule search has not been done.
#  Modification time never checked.
#  File has not been updated.
#  recipe to execute (from 'Makefile', line 78):
	echo "(make run-vnc-bios  &>/dev/null & disown; sleep 45; vncsnapshot localhost:1 foxos.jpg; killall qemu-system-x86_64)" | bash

run: img tmp/ovmf
#  Implicit rule search has not been done.
#  Modification time never checked.
#  File has not been updated.
#  recipe to execute (from 'Makefile', line 54):
	qemu-system-x86_64 $(QEMUFLAGS)

examples:
#  Implicit rule search has not been done.
#  Modification time never checked.
#  File has not been updated.
#  recipe to execute (from 'Makefile', line 151):
	make example_images
	make example_music

run-vnc-bios: img
#  Implicit rule search has not been done.
#  Modification time never checked.
#  File has not been updated.
#  recipe to execute (from 'Makefile', line 69):
	qemu-system-x86_64 $(QEMUFLAGS_BIOS) -vnc :1

run-foxos2: tmp/ovmf
#  Implicit rule search has not been done.
#  Modification time never checked.
#  File has not been updated.
#  recipe to execute (from 'Makefile', line 72):
	qemu-system-x86_64 $(QEMUFLAGS_RAW) -drive file=foxos2.img

example_music:
#  Implicit rule search has not been done.
#  Modification time never checked.
#  File has not been updated.
#  recipe to execute (from 'Makefile', line 134):
	curl https://cdn.discordapp.com/attachments/805055812376330241/959832841359880223/erika.txt -L -o ./tmp/erika.txt
	curl https://cdn.discordapp.com/attachments/805055812376330241/959832841548611615/katyusha.txt -L -o ./tmp/katyusha.txt
	curl https://cdn.discordapp.com/attachments/805055812376330241/959832841737363517/rickroll.txt -L -o ./tmp/rickroll.txt
	curl https://cdn.discordapp.com/attachments/805055812376330241/959852424330375193/amogus.txt -L -o ./tmp/amogus.txt
	curl https://cdn.discordapp.com/attachments/805055812376330241/959852424523288646/shinzou_wo_sasageyo.txt -L -o ./tmp/shinzou_wo_sasageyo.txt
	curl https://cdn.discordapp.com/attachments/805055812376330241/959852424779149452/this_game.txt -L -o ./tmp/this_game.txt
	curl https://cdn.discordapp.com/attachments/805055812376330241/959852424997249114/westerwald.txt -L -o ./tmp/westerwald.txt
	deno run -A tools/cord_parse.js ./tmp/erika.txt ./disk_resources/examples/erika.fm
	deno run -A tools/cord_parse.js ./tmp/katyusha.txt ./disk_resources/examples/katyusha.fm
	deno run -A tools/cord_parse.js ./tmp/rickroll.txt ./disk_resources/examples/rickroll.fm
	deno run -A tools/cord_parse.js ./tmp/amogus.txt ./disk_resources/examples/amogus.fm
	deno run -A tools/cord_parse.js ./tmp/shinzou_wo_sasageyo.txt ./disk_resources/examples/shinzou_wo_sasageyo.fm
	deno run -A tools/cord_parse.js ./tmp/this_game.txt ./disk_resources/examples/this_game.fm
	deno run -A tools/cord_parse.js ./tmp/westerwald.txt ./disk_resources/examples/westerwald.fm

run-bios: img
#  Implicit rule search has not been done.
#  Modification time never checked.
#  File has not been updated.
#  recipe to execute (from 'Makefile', line 63):
	qemu-system-x86_64 $(QEMUFLAGS_BIOS)

mac-img: all tmp/limine tmp/saf
#  Implicit rule search has not been done.
#  Modification time never checked.
#  File has not been updated.
#  recipe to execute (from 'Makefile', line 36):
 
	sh tools/disk_macos.sh $(FOX_GCC_PATH)

# Not a target:
.SUFFIXES:
#  Implicit rule search has not been done.
#  Modification time never checked.
#  File has not been updated.

build_headers:
#  Implicit rule search has not been done.
#  Modification time never checked.
#  File has not been updated.
#  recipe to execute (from 'Makefile', line 155):
	mkdir -p ./tmp/headers
	cp -r FoxOS-programs/libc/include/ ./tmp/headers/libc/
	cp -r FoxOS-programs/libfoxos/include/ ./tmp/headers/libfoxos/
	cp -r FoxOS-kernel/core/include/ ./tmp/headers/kernel/

# files hash-table stats:
# Load=35/1024=3%, Rehash=0, Collisions=1/80=1%
# VPATH Search Paths

# No 'vpath' search paths.

# No general ('VPATH' variable) search path.

# strcache buffers: 1 (0) / strings = 60 / storage = 574 B / avg = 9 B
# current buf: size = 8162 B / used = 574 B / count = 60 / avg = 9 B

# strcache performance: lookups = 132 / hit rate = 54%
# hash-table stats:
# Load=60/8192=1%, Rehash=0, Collisions=0/132=0%
# Finished Make data base on Tue Jun 21 18:18:20 2022

 
